2026-02-23 12:49:25 [main] INFO  Log - Opening Chrome
2026-02-23 12:49:27 [main] INFO  Log - Setting up webdriver..
2026-02-23 12:49:28 [main] INFO  Log - Opening firefox
2026-02-23 12:49:28 [main] INFO  Log - Navigating to test url..
2026-02-23 12:49:36 [main] INFO  Log - Started login test..
2026-02-23 12:49:36 [main] INFO  Log - Adding credentials...
2026-02-23 12:49:36 [main] INFO  Log - Click on Login...
2026-02-23 12:49:39 [main] INFO  Log - Click on Submit..
2026-02-23 12:49:42 [main] INFO  Log - Click on promotional
2026-02-23 12:49:42 [main] INFO  Log - Open dynamic dropdown and Click on Email
2026-02-23 12:49:43 [main] INFO  Log - Closing Browser..
2026-02-23 13:08:35 [main] INFO  Log - Opening Chrome
2026-02-23 13:08:36 [main] INFO  Log - Setting up webdriver..
2026-02-23 13:08:37 [main] INFO  Log - Navigating to URL
2026-02-23 13:08:47 [main] INFO  Log - Started login...
2026-02-23 13:08:47 [main] INFO  Log - Adding credentials
2026-02-23 13:08:47 [main] INFO  Log - Click on Login...
2026-02-23 13:08:51 [main] INFO  Log - Click on Submit..
2026-02-23 13:08:54 [main] INFO  Log - Click on promotional
2026-02-23 13:08:54 [main] INFO  Log - Open dynamic dropdown and Click on Email
2026-02-23 13:08:55 [main] INFO  Log - Closing Browser..
2026-02-23 13:24:45 [main] INFO  Log - =======================Browesr Open===================
2026-02-23 13:24:45 [main] INFO  Log - Opening Chrome
2026-02-23 13:24:45 [main] INFO  Log - Setting up webdriver..
2026-02-23 13:24:47 [main] INFO  Log - Navigating to URL
2026-02-23 13:24:57 [main] INFO  Log - Started login...
2026-02-23 13:24:57 [main] INFO  Log - Click on Login...
2026-02-23 13:25:01 [main] INFO  Log - Click on Submit..
2026-02-23 13:25:06 [main] INFO  Log - Adding credentials
2026-02-23 13:25:06 [main] INFO  Log - Click on promotional
2026-02-23 13:25:07 [main] INFO  Log - Open dynamic dropdown and Click on Email
2026-02-23 13:25:08 [main] INFO  Log - ==============Closing Browser=======================
2026-02-23 13:31:52 [main] INFO  Log - =======================Browesr Open===================
2026-02-23 13:31:52 [main] INFO  Log - Opening Chrome
2026-02-23 13:31:53 [main] INFO  Log - Setting up webdriver..
2026-02-23 13:31:54 [main] INFO  Log - Navigating to URL
2026-02-23 13:32:07 [main] INFO  Log - Started login test...
2026-02-23 13:32:07 [main] INFO  Log - Adding credentials
2026-02-23 13:32:07 [main] INFO  Log - Click on Login button
2026-02-23 13:32:13 [main] INFO  Log - Click on Submit button
2026-02-23 13:32:17 [main] INFO  Log - Click on promotional
2026-02-23 13:32:21 [main] INFO  Log - Open dynamic dropdown and Click on Email
2026-02-23 13:32:23 [main] INFO  Log - ==============Closing Browser=======================
2026-02-23 13:36:59 [main] INFO  Log - =======================Browesr Open===================
2026-02-23 13:36:59 [main] INFO  Log - Opening Chrome
2026-02-23 13:37:00 [main] INFO  Log - Setting up webdriver..
2026-02-23 13:37:01 [main] INFO  Log - Navigating to URL
2026-02-23 13:37:14 [main] INFO  Log - Started login test...
2026-02-23 13:37:14 [main] INFO  Log - Click on Login button
2026-02-23 13:37:18 [main] INFO  Log - Adding credentials
2026-02-23 13:37:18 [main] INFO  Log - Click on Submit button
2026-02-23 13:37:23 [main] INFO  Log - Click on promotional
2026-02-23 13:37:24 [main] INFO  Log - Open dynamic dropdown and Click on Email
2026-02-23 13:37:25 [main] INFO  Log - ==============Closing Browser=======================
2026-02-23 13:42:42 [main] INFO  Log - =======================Browesr Open===================
2026-02-23 13:42:42 [main] INFO  Log - Opening Chrome
2026-02-23 13:42:42 [main] INFO  Log - Setting up webdriver..
2026-02-23 13:42:44 [main] INFO  Log - Navigating to URL
2026-02-23 13:42:55 [main] INFO  Log - Started login test...
2026-02-23 13:42:55 [main] INFO  Log - Click on Login button
2026-02-23 13:43:00 [main] INFO  Log - Adding credentials
2026-02-23 13:43:00 [main] INFO  Log - Click on Submit button
2026-02-23 13:43:04 [main] INFO  Log - Click on promotional
2026-02-23 13:43:04 [main] INFO  Log - Open dynamic dropdown and Click on Email
2026-02-23 13:43:05 [main] INFO  Log - ==============Closing Browser=======================
2026-02-23 13:44:44 [main] INFO  Log - =======================Browesr Open===================
2026-02-23 13:44:44 [main] INFO  Log - Opening Chrome
2026-02-23 13:44:44 [main] INFO  Log - Setting up webdriver..
2026-02-23 13:44:45 [main] INFO  Log - Navigating to URL
2026-02-23 13:45:01 [main] INFO  Log - Started login test...
2026-02-23 13:45:01 [main] INFO  Log - Click on Login button
2026-02-23 13:45:05 [main] INFO  Log - Adding credentials
2026-02-23 13:45:05 [main] INFO  Log - Click on Submit button
2026-02-23 13:45:09 [main] INFO  Log - Click on promotional
2026-02-23 13:45:09 [main] INFO  Log - Open dynamic dropdown and Click on Email
2026-02-23 13:45:10 [main] INFO  Log - ==============Closing Browser=======================
2026-02-23 13:45:28 [main] INFO  Log - =======================Browesr Open===================
2026-02-23 13:45:28 [main] INFO  Log - Opening Chrome
2026-02-23 13:45:29 [main] INFO  Log - Setting up webdriver..
2026-02-23 13:45:30 [main] INFO  Log - Navigating to URL
2026-02-23 13:45:44 [main] INFO  Log - Started login test...
2026-02-23 13:45:57 [main] INFO  Log - Click on Login button
2026-02-23 13:46:01 [main] INFO  Log - Adding credentials
2026-02-23 13:46:03 [main] INFO  Log - Click on Submit button
2026-02-23 13:47:18 [main] INFO  Log - =======================Browesr Open===================
2026-02-23 13:47:18 [main] INFO  Log - Opening Chrome
2026-02-23 13:47:18 [main] INFO  Log - Setting up webdriver..
2026-02-23 13:47:20 [main] INFO  Log - Navigating to URL
2026-02-23 13:47:40 [main] INFO  Log - Started login test...
2026-02-23 15:59:13 [main] INFO  Log - =======================Browesr Open===================
2026-02-23 15:59:13 [main] INFO  Log - Opening Chrome
2026-02-23 15:59:15 [main] INFO  Log - Setting up webdriver..
2026-02-23 15:59:16 [main] INFO  Log - Navigating to URL
2026-02-23 16:00:38 [main] INFO  Log - Started login test...
2026-02-23 16:00:38 [main] INFO  Log - Click on Login button
2026-02-23 16:01:06 [main] INFO  Log - Adding credentials
